<?xml version="1.0" encoding="UTF-8"?>
<testsuite name="Cucumber" time="0.263" tests="1" skipped="0" failures="0" errors="0">
<testcase classname="Career Page Testing" name="Create career page" time="0.04">
<system-out><![CDATA[
Given validating landing page title.........................................passed
And click career button.....................................................passed
When validate career page title.............................................passed
And click see current job...................................................passed
Then input job keyword......................................................passed
And click search button.....................................................passed
]]></system-out>
</testcase>
</testsuite>
